<?xml version="1.0" encoding="UTF-8"?>
<testng-results skipped="0" failed="0" ignored="0" total="2" passed="2">
  <reporter-output>
  </reporter-output>
  <suite name="Default suite" duration-ms="93165" started-at="2021-10-16T21:13:12 IST" finished-at="2021-10-16T21:14:45 IST">
    <groups>
    </groups>
    <test name="Default test" duration-ms="93165" started-at="2021-10-16T21:13:12 IST" finished-at="2021-10-16T21:14:45 IST">
      <class name="Qualitest.Mavenjava.VerifyLogin">
        <test-method status="PASS" signature="firstTest(java.lang.String,java.lang.String)[pri:0, instance:Qualitest.Mavenjava.VerifyLogin@46daef40]" name="firstTest" duration-ms="78271" started-at="2021-10-16T21:13:12 IST" data-provider="getData" finished-at="2021-10-16T21:14:30 IST">
          <params>
            <param index="0">
              <value>
                <![CDATA[admin73]]>
              </value>
            </param>
            <param index="1">
              <value>
                <![CDATA[Admin@6100]]>
              </value>
            </param>
          </params>
          <reporter-output>
          </reporter-output>
        </test-method> <!-- firstTest -->
        <test-method status="PASS" signature="firstTest(java.lang.String,java.lang.String)[pri:0, instance:Qualitest.Mavenjava.VerifyLogin@46daef40]" name="firstTest" duration-ms="14834" started-at="2021-10-16T21:14:30 IST" data-provider="getData" finished-at="2021-10-16T21:14:45 IST">
          <params>
            <param index="0">
              <value>
                <![CDATA[Admin7345]]>
              </value>
            </param>
            <param index="1">
              <value>
                <![CDATA[Admin@6100]]>
              </value>
            </param>
          </params>
          <reporter-output>
          </reporter-output>
        </test-method> <!-- firstTest -->
      </class> <!-- Qualitest.Mavenjava.VerifyLogin -->
    </test> <!-- Default test -->
  </suite> <!-- Default suite -->
</testng-results>
